0 info it worked if it ends with ok
1 verbose cli [ '/usr/bin/node',
1 verbose cli   '/usr/bin/npm',
1 verbose cli   'install',
1 verbose cli   '-g',
1 verbose cli   'cordova',
1 verbose cli   'ionic' ]
2 info using npm@1.4.28
3 info using node@v0.10.36
4 verbose node symlink /usr/bin/node
5 verbose cache add [ 'cordova', null ]
6 verbose cache add name=undefined spec="cordova" args=["cordova",null]
7 verbose parsed url { protocol: null,
7 verbose parsed url   slashes: null,
7 verbose parsed url   auth: null,
7 verbose parsed url   host: null,
7 verbose parsed url   port: null,
7 verbose parsed url   hostname: null,
7 verbose parsed url   hash: null,
7 verbose parsed url   search: null,
7 verbose parsed url   query: null,
7 verbose parsed url   pathname: 'cordova',
7 verbose parsed url   path: 'cordova',
7 verbose parsed url   href: 'cordova' }
8 verbose cache add [ 'ionic', null ]
9 verbose cache add name=undefined spec="ionic" args=["ionic",null]
10 verbose parsed url { protocol: null,
10 verbose parsed url   slashes: null,
10 verbose parsed url   auth: null,
10 verbose parsed url   host: null,
10 verbose parsed url   port: null,
10 verbose parsed url   hostname: null,
10 verbose parsed url   hash: null,
10 verbose parsed url   search: null,
10 verbose parsed url   query: null,
10 verbose parsed url   pathname: 'ionic',
10 verbose parsed url   path: 'ionic',
10 verbose parsed url   href: 'ionic' }
11 silly lockFile a98f2055-cordova cordova
12 verbose lock cordova /home/proto/.npm/a98f2055-cordova.lock
13 silly lockFile 00d10074-ionic ionic
14 verbose lock ionic /home/proto/.npm/00d10074-ionic.lock
15 silly lockFile a98f2055-cordova cordova
16 silly lockFile a98f2055-cordova cordova
17 silly lockFile 00d10074-ionic ionic
18 silly lockFile 00d10074-ionic ionic
19 verbose addNamed [ 'cordova', '' ]
20 verbose addNamed [ null, '*' ]
21 silly lockFile de8d9fad-cordova cordova@
22 verbose lock cordova@ /home/proto/.npm/de8d9fad-cordova.lock
23 verbose addNamed [ 'ionic', '' ]
24 verbose addNamed [ null, '*' ]
25 silly lockFile 966fc04a-ionic ionic@
26 verbose lock ionic@ /home/proto/.npm/966fc04a-ionic.lock
27 silly addNameRange { name: 'cordova', range: '*', hasData: false }
28 silly addNameRange { name: 'ionic', range: '*', hasData: false }
29 verbose request where is /cordova
30 verbose request registry https://registry.npmjs.org/
31 verbose request id 7a179e4021ab32f0
32 verbose url raw /cordova
33 verbose url resolving [ 'https://registry.npmjs.org/', './cordova' ]
34 verbose url resolved https://registry.npmjs.org/cordova
35 verbose request where is https://registry.npmjs.org/cordova
36 info trying registry request attempt 1 at 12:57:47
37 http GET https://registry.npmjs.org/cordova
38 verbose request where is /ionic
39 verbose request registry https://registry.npmjs.org/
40 verbose url raw /ionic
41 verbose url resolving [ 'https://registry.npmjs.org/', './ionic' ]
42 verbose url resolved https://registry.npmjs.org/ionic
43 verbose request where is https://registry.npmjs.org/ionic
44 info trying registry request attempt 1 at 12:57:47
45 http GET https://registry.npmjs.org/ionic
46 http 200 https://registry.npmjs.org/ionic
47 silly registry.get cb [ 200,
47 silly registry.get   { date: 'Wed, 04 Mar 2015 20:57:48 GMT',
47 silly registry.get     server: 'CouchDB/1.5.0 (Erlang OTP/R16B03)',
47 silly registry.get     etag: '"9TFPG8DCBK8D6CT2GA9STOBXQ"',
47 silly registry.get     'content-type': 'application/json',
47 silly registry.get     'cache-control': 'max-age=60',
47 silly registry.get     'content-length': '210412',
47 silly registry.get     'accept-ranges': 'bytes',
47 silly registry.get     via: '1.1 varnish',
47 silly registry.get     age: '0',
47 silly registry.get     'x-served-by': 'cache-sjc3123-SJC',
47 silly registry.get     'x-cache': 'HIT',
47 silly registry.get     'x-cache-hits': '1',
47 silly registry.get     'x-timer': 'S1425502668.068158,VS0,VE146',
47 silly registry.get     vary: 'Accept',
47 silly registry.get     'keep-alive': 'timeout=10, max=50',
47 silly registry.get     connection: 'Keep-Alive' } ]
48 silly addNameRange number 2 { name: 'ionic', range: '*', hasData: true }
49 silly addNameRange versions [ 'ionic',
49 silly addNameRange   [ '0.9.6',
49 silly addNameRange     '0.9.8',
49 silly addNameRange     '0.9.9',
49 silly addNameRange     '0.9.10',
49 silly addNameRange     '0.9.11',
49 silly addNameRange     '0.9.12',
49 silly addNameRange     '0.9.13',
49 silly addNameRange     '0.9.14',
49 silly addNameRange     '0.9.15',
49 silly addNameRange     '0.9.16',
49 silly addNameRange     '1.0.0-beta.1',
49 silly addNameRange     '1.0.0-beta',
49 silly addNameRange     '1.0.1-beta',
49 silly addNameRange     '1.0.3-beta',
49 silly addNameRange     '1.0.4',
49 silly addNameRange     '1.0.5',
49 silly addNameRange     '1.0.6',
49 silly addNameRange     '1.0.7',
49 silly addNameRange     '1.0.8',
49 silly addNameRange     '1.0.9',
49 silly addNameRange     '1.0.10',
49 silly addNameRange     '1.0.11',
49 silly addNameRange     '1.0.12',
49 silly addNameRange     '1.0.13',
49 silly addNameRange     '1.0.14',
49 silly addNameRange     '1.0.15',
49 silly addNameRange     '1.0.16',
49 silly addNameRange     '1.0.17',
49 silly addNameRange     '1.1.0-beta1',
49 silly addNameRange     '1.1.0-beta2',
49 silly addNameRange     '1.1.0-beta3',
49 silly addNameRange     '1.1.0-beta4',
49 silly addNameRange     '1.1.0-beta5',
49 silly addNameRange     '1.1.0-beta6',
49 silly addNameRange     '1.1.0',
49 silly addNameRange     '1.1.1-beta1',
49 silly addNameRange     '1.1.1-beta2',
49 silly addNameRange     '1.1.1-beta3',
49 silly addNameRange     '1.1.1',
49 silly addNameRange     '1.1.3',
49 silly addNameRange     '1.1.4',
49 silly addNameRange     '1.1.5-beta1',
49 silly addNameRange     '1.1.5-beta2',
49 silly addNameRange     '1.1.5-beta3',
49 silly addNameRange     '1.1.5-beta4',
49 silly addNameRange     '1.1.5-beta5',
49 silly addNameRange     '1.1.5',
49 silly addNameRange     '1.1.6',
49 silly addNameRange     '1.1.7-beta1',
49 silly addNameRange     '1.1.7',
49 silly addNameRange     '1.1.8-beta1',
49 silly addNameRange     '1.1.8-beta2',
49 silly addNameRange     '1.1.8-beta3',
49 silly addNameRange     '1.1.8-beta4',
49 silly addNameRange     '1.1.8-beta5',
49 silly addNameRange     '1.1.8',
49 silly addNameRange     '1.1.9-beta1',
49 silly addNameRange     '1.1.9',
49 silly addNameRange     '1.1.10',
49 silly addNameRange     '1.1.11-beta1',
49 silly addNameRange     '1.1.11-beta2',
49 silly addNameRange     '1.1.11',
49 silly addNameRange     '1.1.12-beta1',
49 silly addNameRange     '1.1.12-beta2',
49 silly addNameRange     '1.1.12-beta3',
49 silly addNameRange     '1.1.12',
49 silly addNameRange     '1.1.13',
49 silly addNameRange     '1.1.14-beta1',
49 silly addNameRange     '1.1.14-beta2',
49 silly addNameRange     '1.1.14-beta3',
49 silly addNameRange     '1.2.0-beta1',
49 silly addNameRange     '1.2.0',
49 silly addNameRange     '1.2.1-beta1',
49 silly addNameRange     '1.2.1-beta2',
49 silly addNameRange     '1.2.1-beta3',
49 silly addNameRange     '1.2.1-beta4',
49 silly addNameRange     '1.2.1',
49 silly addNameRange     '1.2.2',
49 silly addNameRange     '1.2.3-beta1',
49 silly addNameRange     '1.2.3-beta2',
49 silly addNameRange     '1.2.3-beta3',
49 silly addNameRange     '1.2.3',
49 silly addNameRange     '1.2.4-beta1',
49 silly addNameRange     '1.2.4-beta2',
49 silly addNameRange     '1.2.4-beta3',
49 silly addNameRange     '1.2.4',
49 silly addNameRange     '1.2.5-beta1',
49 silly addNameRange     '1.2.5-beta2',
49 silly addNameRange     '1.2.5-beta3',
49 silly addNameRange     '1.2.5',
49 silly addNameRange     '1.2.6-beta1',
49 silly addNameRange     '1.2.6-beta2',
49 silly addNameRange     '1.2.6-beta3',
49 silly addNameRange     '1.2.6',
49 silly addNameRange     '1.2.7',
49 silly addNameRange     '1.2.8-beta1',
49 silly addNameRange     '1.2.8-beta2',
49 silly addNameRange     '1.2.8',
49 silly addNameRange     '1.2.9',
49 silly addNameRange     '1.2.10',
49 silly addNameRange     '1.2.11',
49 silly addNameRange     '1.2.12',
49 silly addNameRange     '1.2.13',
49 silly addNameRange     '1.2.14-beta1',
49 silly addNameRange     '1.2.14-beta2',
49 silly addNameRange     '1.2.14-beta3',
49 silly addNameRange     '1.2.14-beta4',
49 silly addNameRange     '1.2.14-beta5',
49 silly addNameRange     '1.2.14-beta6',
49 silly addNameRange     '1.2.14',
49 silly addNameRange     '1.3.0-beta1',
49 silly addNameRange     '1.3.0',
49 silly addNameRange     '1.3.1',
49 silly addNameRange     '1.3.2',
49 silly addNameRange     '1.3.3',
49 silly addNameRange     '1.3.4',
49 silly addNameRange     '1.3.5',
49 silly addNameRange     '1.3.6',
49 silly addNameRange     '1.3.7',
49 silly addNameRange     '1.3.8',
49 silly addNameRange     '1.3.9',
49 silly addNameRange     '1.3.10',
49 silly addNameRange     '1.4.0-alpha.1',
49 silly addNameRange     '1.3.11',
49 silly addNameRange     '1.3.1-1.alpha.0',
49 silly addNameRange     '1.4.0-alpha.2' ] ]
50 verbose addNamed [ 'ionic', '1.3.11' ]
51 verbose addNamed [ '1.3.11', '1.3.11' ]
52 silly lockFile 4e340da9-ionic-1-3-11 ionic@1.3.11
53 verbose lock ionic@1.3.11 /home/proto/.npm/4e340da9-ionic-1-3-11.lock
54 silly lockFile 9039c3b9-npmjs-org-ionic-ionic-1-3-11-tgz https://registry.npmjs.org/ionic/-/ionic-1.3.11.tgz
55 verbose lock https://registry.npmjs.org/ionic/-/ionic-1.3.11.tgz /home/proto/.npm/9039c3b9-npmjs-org-ionic-ionic-1-3-11-tgz.lock
56 verbose addRemoteTarball [ 'https://registry.npmjs.org/ionic/-/ionic-1.3.11.tgz',
56 verbose addRemoteTarball   '36576e05586596a752d526f797705a4c514cd9f8' ]
57 info retry fetch attempt 1 at 12:57:47
58 verbose fetch to= /tmp/npm-32403-dgg-jD+8/registry.npmjs.org/ionic/-/ionic-1.3.11.tgz
59 http GET https://registry.npmjs.org/ionic/-/ionic-1.3.11.tgz
60 http 200 https://registry.npmjs.org/ionic/-/ionic-1.3.11.tgz
61 http 200 https://registry.npmjs.org/cordova
62 silly registry.get cb [ 200,
62 silly registry.get   { date: 'Wed, 04 Mar 2015 20:57:48 GMT',
62 silly registry.get     server: 'CouchDB/1.5.0 (Erlang OTP/R16B03)',
62 silly registry.get     etag: '"23YZPP2M4Z1HVQ0P3FML7QIU4"',
62 silly registry.get     'content-type': 'application/json',
62 silly registry.get     'cache-control': 'max-age=60',
62 silly registry.get     'content-length': '341623',
62 silly registry.get     'accept-ranges': 'bytes',
62 silly registry.get     via: '1.1 varnish',
62 silly registry.get     age: '0',
62 silly registry.get     'x-served-by': 'cache-lax1432-LAX',
62 silly registry.get     'x-cache': 'HIT',
62 silly registry.get     'x-cache-hits': '1',
62 silly registry.get     'x-timer': 'S1425502668.076941,VS0,VE184',
62 silly registry.get     vary: 'Accept',
62 silly registry.get     'keep-alive': 'timeout=10, max=50',
62 silly registry.get     connection: 'Keep-Alive' } ]
63 silly addNameRange number 2 { name: 'cordova', range: '*', hasData: true }
64 silly addNameRange versions [ 'cordova',
64 silly addNameRange   [ '0.0.1',
64 silly addNameRange     '0.0.2',
64 silly addNameRange     '0.0.3',
64 silly addNameRange     '0.0.4',
64 silly addNameRange     '0.0.5',
64 silly addNameRange     '0.0.6',
64 silly addNameRange     '0.0.7',
64 silly addNameRange     '0.0.8',
64 silly addNameRange     '0.0.9',
64 silly addNameRange     '0.1.0',
64 silly addNameRange     '0.1.1',
64 silly addNameRange     '0.1.2',
64 silly addNameRange     '0.1.3',
64 silly addNameRange     '0.1.4',
64 silly addNameRange     '0.1.5',
64 silly addNameRange     '0.1.6',
64 silly addNameRange     '0.1.7',
64 silly addNameRange     '0.1.8',
64 silly addNameRange     '0.1.9',
64 silly addNameRange     '0.1.10',
64 silly addNameRange     '0.1.11',
64 silly addNameRange     '0.1.12',
64 silly addNameRange     '0.1.13',
64 silly addNameRange     '0.1.14',
64 silly addNameRange     '2.2.0',
64 silly addNameRange     '2.3.0',
64 silly addNameRange     '2.3.1',
64 silly addNameRange     '2.3.2',
64 silly addNameRange     '2.3.3',
64 silly addNameRange     '2.3.5',
64 silly addNameRange     '2.3.6',
64 silly addNameRange     '2.4.0',
64 silly addNameRange     '2.4.1',
64 silly addNameRange     '2.4.2',
64 silly addNameRange     '2.4.3',
64 silly addNameRange     '2.4.4',
64 silly addNameRange     '2.4.5',
64 silly addNameRange     '2.4.6',
64 silly addNameRange     '2.4.7',
64 silly addNameRange     '2.4.8',
64 silly addNameRange     '2.4.9',
64 silly addNameRange     '2.4.10',
64 silly addNameRange     '2.5.0',
64 silly addNameRange     '2.5.2',
64 silly addNameRange     '2.5.3',
64 silly addNameRange     '2.5.4',
64 silly addNameRange     '2.5.5',
64 silly addNameRange     '2.6.0',
64 silly addNameRange     '2.6.1',
64 silly addNameRange     '2.6.2',
64 silly addNameRange     '2.7.0-rc.1',
64 silly addNameRange     '2.7.1-rc.1',
64 silly addNameRange     '2.7.2',
64 silly addNameRange     '2.7.3',
64 silly addNameRange     '2.7.4',
64 silly addNameRange     '2.8.0',
64 silly addNameRange     '2.8.1',
64 silly addNameRange     '2.8.2',
64 silly addNameRange     '2.8.3',
64 silly addNameRange     '2.8.4',
64 silly addNameRange     '2.8.5',
64 silly addNameRange     '2.8.6',
64 silly addNameRange     '2.8.7',
64 silly addNameRange     '2.8.8',
64 silly addNameRange     '2.8.9',
64 silly addNameRange     '2.8.10',
64 silly addNameRange     '2.8.11',
64 silly addNameRange     '2.8.12',
64 silly addNameRange     '2.8.13',
64 silly addNameRange     '2.8.14',
64 silly addNameRange     '2.8.15',
64 silly addNameRange     '2.8.16',
64 silly addNameRange     '2.8.17',
64 silly addNameRange     '2.8.18',
64 silly addNameRange     '2.8.19',
64 silly addNameRange     '2.8.20',
64 silly addNameRange     '2.8.21',
64 silly addNameRange     '2.8.22',
64 silly addNameRange     '2.8.23',
64 silly addNameRange     '2.8.24',
64 silly addNameRange     '2.8.25',
64 silly addNameRange     '2.9.0',
64 silly addNameRange     '2.9.1',
64 silly addNameRange     '2.9.2',
64 silly addNameRange     '2.9.3',
64 silly addNameRange     '2.9.4',
64 silly addNameRange     '2.9.5',
64 silly addNameRange     '2.9.6',
64 silly addNameRange     '2.9.7',
64 silly addNameRange     '3.0.0-rc1',
64 silly addNameRange     '3.0.0-rc1-1',
64 silly addNameRange     '3.0.0-rc1-3',
64 silly addNameRange     '3.0.0',
64 silly addNameRange     '3.0.1',
64 silly addNameRange     '3.0.2',
64 silly addNameRange     '3.0.3',
64 silly addNameRange     '3.0.4',
64 silly addNameRange     '3.0.5',
64 silly addNameRange     '3.0.6',
64 silly addNameRange     '3.0.7',
64 silly addNameRange     '3.0.8',
64 silly addNameRange     '3.0.9',
64 silly addNameRange     '3.0.10',
64 silly addNameRange     '3.1.0-0.1.0',
64 silly addNameRange     '3.1.0-0.2.0',
64 silly addNameRange     '3.2.0-rc.1',
64 silly addNameRange     '3.2.0-0.1.0',
64 silly addNameRange     '3.2.0-0.2.0',
64 silly addNameRange     '3.2.0-0.3.0',
64 silly addNameRange     '3.2.0-0.4.0',
64 silly addNameRange     '3.3.0-rc.1',
64 silly addNameRange     '3.3.0-0.1.1',
64 silly addNameRange     '3.3.1-0.1.2',
64 silly addNameRange     '2.9.0-rc1',
64 silly addNameRange     '3.3.1-0.3.0',
64 silly addNameRange     '3.3.1-0.3.1',
64 silly addNameRange     '3.3.1-0.4.1',
64 silly addNameRange     '3.3.1-0.4.2',
64 silly addNameRange     '3.4.0-0.1.0',
64 silly addNameRange     '3.4.0-0.1.1',
64 silly addNameRange     '3.4.0-0.1.2',
64 silly addNameRange     '3.4.0-0.1.3',
64 silly addNameRange     '0.0.0-fake',
64 silly addNameRange     '3.4.1-0.1.0',
64 silly addNameRange     '3.5.0-0.2.0',
64 silly addNameRange     '3.5.0-0.2.1',
64 silly addNameRange     '3.5.0-0.2.2',
64 silly addNameRange     '3.5.0-0.2.3',
64 silly addNameRange     '3.5.0-0.2.4',
64 silly addNameRange     '3.5.0-0.2.6',
64 silly addNameRange     '3.5.0-0.2.7',
64 silly addNameRange     '3.6.0-0.2.8',
64 silly addNameRange     '3.6.0-0.2.9',
64 silly addNameRange     '3.6.1-0.2.10',
64 silly addNameRange     '3.6.3-0.2.11',
64 silly addNameRange     '3.6.3-0.2.12',
64 silly addNameRange     '3.6.3-0.2.13',
64 silly addNameRange     '4.0.0',
64 silly addNameRange     '4.0.1',
64 silly addNameRange     '4.1.0',
64 silly addNameRange     '4.1.1',
64 silly addNameRange     '4.1.2',
64 silly addNameRange     '4.1.3-nightly.2014.10.21',
64 silly addNameRange     '4.2.0',
64 silly addNameRange     '4.3.0' ] ]
65 verbose addNamed [ 'cordova', '4.3.0' ]
66 verbose addNamed [ '4.3.0', '4.3.0' ]
67 silly lockFile 9ec5c886-cordova-4-3-0 cordova@4.3.0
68 verbose lock cordova@4.3.0 /home/proto/.npm/9ec5c886-cordova-4-3-0.lock
69 silly lockFile c4c2f9fa-js-org-cordova-cordova-4-3-0-tgz https://registry.npmjs.org/cordova/-/cordova-4.3.0.tgz
70 verbose lock https://registry.npmjs.org/cordova/-/cordova-4.3.0.tgz /home/proto/.npm/c4c2f9fa-js-org-cordova-cordova-4-3-0-tgz.lock
71 verbose addRemoteTarball [ 'https://registry.npmjs.org/cordova/-/cordova-4.3.0.tgz',
71 verbose addRemoteTarball   '3386c35f454591eee58458584a6006f7bfcb3f0c' ]
72 info retry fetch attempt 1 at 12:57:48
73 verbose fetch to= /tmp/npm-32403-dgg-jD+8/registry.npmjs.org/cordova/-/cordova-4.3.0.tgz
74 http GET https://registry.npmjs.org/cordova/-/cordova-4.3.0.tgz
75 silly lockFile 9039c3b9-npmjs-org-ionic-ionic-1-3-11-tgz https://registry.npmjs.org/ionic/-/ionic-1.3.11.tgz
76 silly lockFile 9039c3b9-npmjs-org-ionic-ionic-1-3-11-tgz https://registry.npmjs.org/ionic/-/ionic-1.3.11.tgz
77 silly lockFile 4e340da9-ionic-1-3-11 ionic@1.3.11
78 silly lockFile 4e340da9-ionic-1-3-11 ionic@1.3.11
79 silly lockFile 966fc04a-ionic ionic@
80 silly lockFile 966fc04a-ionic ionic@
81 http 200 https://registry.npmjs.org/cordova/-/cordova-4.3.0.tgz
82 silly lockFile c4c2f9fa-js-org-cordova-cordova-4-3-0-tgz https://registry.npmjs.org/cordova/-/cordova-4.3.0.tgz
83 silly lockFile c4c2f9fa-js-org-cordova-cordova-4-3-0-tgz https://registry.npmjs.org/cordova/-/cordova-4.3.0.tgz
84 silly lockFile 9ec5c886-cordova-4-3-0 cordova@4.3.0
85 silly lockFile 9ec5c886-cordova-4-3-0 cordova@4.3.0
86 silly lockFile de8d9fad-cordova cordova@
87 silly lockFile de8d9fad-cordova cordova@
88 silly resolved [ { name: 'ionic',
88 silly resolved     version: '1.3.11',
88 silly resolved     preferGlobal: true,
88 silly resolved     description: 'A tool for creating and developing Ionic Framework mobile apps.',
88 silly resolved     homepage: 'http://ionicframework.com/',
88 silly resolved     bin: { ionic: 'bin/ionic' },
88 silly resolved     keywords:
88 silly resolved      [ 'ionic',
88 silly resolved        'ionic framework',
88 silly resolved        'ionicframework',
88 silly resolved        'mobile',
88 silly resolved        'app',
88 silly resolved        'hybrid',
88 silly resolved        'cordova',
88 silly resolved        'phonegap' ],
88 silly resolved     repository:
88 silly resolved      { type: 'git',
88 silly resolved        url: 'https://github.com/driftyco/ionic-cli.git' },
88 silly resolved     contributors: [ [Object], [Object], [Object], [Object] ],
88 silly resolved     license: 'MIT',
88 silly resolved     dependencies:
88 silly resolved      { archiver: '0.5.1',
88 silly resolved        colors: '0.6.2',
88 silly resolved        connect: '3.1.1',
88 silly resolved        'connect-livereload': '0.5.2',
88 silly resolved        crc: '3.2.1',
88 silly resolved        'cross-spawn': '0.2.3',
88 silly resolved        'event-stream': '3.0.x',
88 silly resolved        finalhandler: '0.2.0',
88 silly resolved        'form-data': '0.1.4',
88 silly resolved        gulp: '3.8.8',
88 silly resolved        ncp: '0.4.2',
88 silly resolved        npm: '2.1.3',
88 silly resolved        'opbeat-ionic': '^1.1.3',
88 silly resolved        open: 'https://registry.npmjs.org/open/-/open-0.0.5.tgz',
88 silly resolved        optimist: '0.6.0',
88 silly resolved        progress: '1.1.7',
88 silly resolved        prompt: '0.2.12',
88 silly resolved        'proxy-middleware': '^0.7.0',
88 silly resolved        q: '1.0.1',
88 silly resolved        request: '2.51.0',
88 silly resolved        semver: '^4.2.0',
88 silly resolved        'serve-static': '1.7.1',
88 silly resolved        shelljs: '0.2.6',
88 silly resolved        'tiny-lr-fork': '0.0.5',
88 silly resolved        underscore: '~1.7.0',
88 silly resolved        unzip: '0.1.9',
88 silly resolved        'vinyl-fs': '0.3.7',
88 silly resolved        xml2js: '0.4.4' },
88 silly resolved     gitHead: 'dd1085b1bf66f6ee69c90d90355d12f9a34d01ff',
88 silly resolved     bugs: { url: 'https://github.com/driftyco/ionic-cli/issues' },
88 silly resolved     _id: 'ionic@1.3.11',
88 silly resolved     scripts: {},
88 silly resolved     _shasum: '36576e05586596a752d526f797705a4c514cd9f8',
88 silly resolved     _from: 'ionic@',
88 silly resolved     _npmVersion: '2.5.1',
88 silly resolved     _nodeVersion: '0.12.0',
88 silly resolved     _npmUser: { name: 'drifty', email: 'max@drifty.com' },
88 silly resolved     maintainers: [ [Object] ],
88 silly resolved     dist:
88 silly resolved      { shasum: '36576e05586596a752d526f797705a4c514cd9f8',
88 silly resolved        tarball: 'http://registry.npmjs.org/ionic/-/ionic-1.3.11.tgz' },
88 silly resolved     directories: {},
88 silly resolved     _resolved: 'https://registry.npmjs.org/ionic/-/ionic-1.3.11.tgz' },
88 silly resolved   { name: 'cordova',
88 silly resolved     version: '4.3.0',
88 silly resolved     preferGlobal: 'true',
88 silly resolved     description: 'Cordova command line interface tool',
88 silly resolved     main: 'cordova',
88 silly resolved     engines: { node: '>=0.9.9' },
88 silly resolved     engineStrict: true,
88 silly resolved     bin: { cordova: './bin/cordova' },
88 silly resolved     scripts:
88 silly resolved      { test: 'node node_modules/jasmine-node/bin/jasmine-node --captureExceptions --color spec',
88 silly resolved        cover: 'node node_modules/istanbul/lib/cli.js cover --root src --print detail node_modules/jasmine-node/bin/jasmine-node -- spec' },
88 silly resolved     repository:
88 silly resolved      { type: 'git',
88 silly resolved        url: 'https://git-wip-us.apache.org/repos/asf/cordova-cli.git' },
88 silly resolved     bugs:
88 silly resolved      { url: 'https://issues.apache.org/jira/browse/CB',
88 silly resolved        email: 'dev@cordova.apache.org' },
88 silly resolved     keywords: [ 'cordova', 'client', 'cli' ],
88 silly resolved     dependencies:
88 silly resolved      { 'cordova-lib': '4.3.0',
88 silly resolved        q: '1.0.1',
88 silly resolved        nopt: '3.0.1',
88 silly resolved        underscore: '1.7.0' },
88 silly resolved     devDependencies:
88 silly resolved      { istanbul: '^0.3.4',
88 silly resolved        grunt: '0.4.5',
88 silly resolved        'grunt-retire': '0.3.7',
88 silly resolved        'jasmine-node': '1.14.5' },
88 silly resolved     author: { name: 'Anis Kadri' },
88 silly resolved     contributors:
88 silly resolved      [ [Object],
88 silly resolved        [Object],
88 silly resolved        [Object],
88 silly resolved        [Object],
88 silly resolved        [Object],
88 silly resolved        [Object],
88 silly resolved        [Object],
88 silly resolved        [Object],
88 silly resolved        [Object],
88 silly resolved        [Object],
88 silly resolved        [Object],
88 silly resolved        [Object],
88 silly resolved        [Object],
88 silly resolved        [Object],
88 silly resolved        [Object],
88 silly resolved        [Object],
88 silly resolved        [Object],
88 silly resolved        [Object],
88 silly resolved        [Object],
88 silly resolved        [Object],
88 silly resolved        [Object],
88 silly resolved        [Object],
88 silly resolved        [Object],
88 silly resolved        [Object] ],
88 silly resolved     license: 'Apache version 2.0',
88 silly resolved     _id: 'cordova@4.3.0',
88 silly resolved     _shasum: '3386c35f454591eee58458584a6006f7bfcb3f0c',
88 silly resolved     _resolved: 'https://registry.npmjs.org/cordova/-/cordova-4.3.0.tgz',
88 silly resolved     _from: 'cordova@',
88 silly resolved     _npmVersion: '2.5.1',
88 silly resolved     _nodeVersion: '0.10.36',
88 silly resolved     _npmUser: { name: 'stevegill', email: 'stevengill97@gmail.com' },
88 silly resolved     maintainers:
88 silly resolved      [ [Object],
88 silly resolved        [Object],
88 silly resolved        [Object],
88 silly resolved        [Object],
88 silly resolved        [Object],
88 silly resolved        [Object],
88 silly resolved        [Object],
88 silly resolved        [Object],
88 silly resolved        [Object],
88 silly resolved        [Object],
88 silly resolved        [Object],
88 silly resolved        [Object],
88 silly resolved        [Object],
88 silly resolved        [Object],
88 silly resolved        [Object],
88 silly resolved        [Object] ],
88 silly resolved     dist:
88 silly resolved      { shasum: '3386c35f454591eee58458584a6006f7bfcb3f0c',
88 silly resolved        tarball: 'http://registry.npmjs.org/cordova/-/cordova-4.3.0.tgz' },
88 silly resolved     directories: {} } ]
89 info install ionic@1.3.11 into /usr/lib
90 info install cordova@4.3.0 into /usr/lib
91 info installOne ionic@1.3.11
92 info installOne cordova@4.3.0
93 verbose lib/node_modules/ionic unbuild
94 verbose lib/node_modules/cordova unbuild
95 verbose tar unpack /home/proto/.npm/ionic/1.3.11/package.tgz
96 silly lockFile 02ac979d-tar-usr-lib-node-modules-ionic tar:///usr/lib/node_modules/ionic
97 verbose lock tar:///usr/lib/node_modules/ionic /home/proto/.npm/02ac979d-tar-usr-lib-node-modules-ionic.lock
98 silly lockFile cc2ca139-oto-npm-ionic-1-3-11-package-tgz tar:///home/proto/.npm/ionic/1.3.11/package.tgz
99 verbose lock tar:///home/proto/.npm/ionic/1.3.11/package.tgz /home/proto/.npm/cc2ca139-oto-npm-ionic-1-3-11-package-tgz.lock
100 verbose tar unpack /home/proto/.npm/cordova/4.3.0/package.tgz
101 silly lockFile 01c5d05a-tar-usr-lib-node-modules-cordova tar:///usr/lib/node_modules/cordova
102 verbose lock tar:///usr/lib/node_modules/cordova /home/proto/.npm/01c5d05a-tar-usr-lib-node-modules-cordova.lock
103 silly lockFile 2a155182-to-npm-cordova-4-3-0-package-tgz tar:///home/proto/.npm/cordova/4.3.0/package.tgz
104 verbose lock tar:///home/proto/.npm/cordova/4.3.0/package.tgz /home/proto/.npm/2a155182-to-npm-cordova-4-3-0-package-tgz.lock
105 silly gunzTarPerm modes [ '775', '664' ]
106 silly gunzTarPerm modes [ '775', '664' ]
107 error Error: EACCES, mkdir '/usr/lib/node_modules/ionic'
107 error  { [Error: EACCES, mkdir '/usr/lib/node_modules/ionic']
107 error   errno: 3,
107 error   code: 'EACCES',
107 error   path: '/usr/lib/node_modules/ionic',
107 error   fstream_type: 'Directory',
107 error   fstream_path: '/usr/lib/node_modules/ionic',
107 error   fstream_class: 'DirWriter',
107 error   fstream_stack:
107 error    [ '/usr/lib/node_modules/npm/node_modules/fstream/lib/dir-writer.js:36:23',
107 error      '/usr/lib/node_modules/npm/node_modules/mkdirp/index.js:46:53',
107 error      'Object.oncomplete (fs.js:108:15)' ] }
108 error Please try running this command again as root/Administrator.
109 error System Linux 3.13.0-46-generic
110 error command "/usr/bin/node" "/usr/bin/npm" "install" "-g" "cordova" "ionic"
111 error cwd /home/proto/code/pitchforks
112 error node -v v0.10.36
113 error npm -v 1.4.28
114 error path /usr/lib/node_modules/ionic
115 error fstream_path /usr/lib/node_modules/ionic
116 error fstream_type Directory
117 error fstream_class DirWriter
118 error code EACCES
119 error errno 3
120 error stack Error: EACCES, mkdir '/usr/lib/node_modules/ionic'
121 error fstream_stack /usr/lib/node_modules/npm/node_modules/fstream/lib/dir-writer.js:36:23
121 error fstream_stack /usr/lib/node_modules/npm/node_modules/mkdirp/index.js:46:53
121 error fstream_stack Object.oncomplete (fs.js:108:15)
122 verbose exit [ 3, true ]
